<?xml version="1.0" encoding="UTF-8"?>
<testng-results ignored="0" total="3" passed="3" failed="0" skipped="0">
  <reporter-output>
  </reporter-output>
  <suite started-at="2025-02-10T17:32:43 IST" name="Surefire suite" finished-at="2025-02-10T17:32:44 IST" duration-ms="42">
    <groups>
    </groups>
    <test started-at="2025-02-10T17:32:43 IST" name="Surefire test" finished-at="2025-02-10T17:32:44 IST" duration-ms="42">
      <class name="com.amex.tests.AmexAutomationTestTest">
        <test-method signature="afterClassTest()[pri:0, instance:com.amex.tests.AmexAutomationTestTest@13c10b87]" started-at="2025-02-10T17:32:44 IST" name="afterClassTest" finished-at="2025-02-10T17:32:44 IST" duration-ms="4" status="PASS">
          <reporter-output>
          </reporter-output>
        </test-method> <!-- afterClassTest -->
        <test-method signature="beforeClassTest()[pri:0, instance:com.amex.tests.AmexAutomationTestTest@13c10b87]" started-at="2025-02-10T17:32:44 IST" name="beforeClassTest" finished-at="2025-02-10T17:32:44 IST" duration-ms="1" status="PASS">
          <reporter-output>
          </reporter-output>
        </test-method> <!-- beforeClassTest -->
        <test-method signature="testAmexFlowTest()[pri:0, instance:com.amex.tests.AmexAutomationTestTest@13c10b87]" started-at="2025-02-10T17:32:44 IST" name="testAmexFlowTest" finished-at="2025-02-10T17:32:44 IST" duration-ms="0" status="PASS">
          <reporter-output>
          </reporter-output>
        </test-method> <!-- testAmexFlowTest -->
      </class> <!-- com.amex.tests.AmexAutomationTestTest -->
    </test> <!-- Surefire test -->
  </suite> <!-- Surefire suite -->
</testng-results>
