<?xml version="1.0" encoding="UTF-8"?>
<testng-results ignored="0" total="1" passed="1" failed="0" skipped="0">
  <reporter-output>
  </reporter-output>
  <suite started-at="2025-02-11T11:40:24 IST" name="Default suite" finished-at="2025-02-11T11:40:42 IST" duration-ms="18020">
    <groups>
    </groups>
    <test started-at="2025-02-11T11:40:24 IST" name="Default test" finished-at="2025-02-11T11:40:42 IST" duration-ms="18020">
      <class name="com.amex.tests.AmexAutomationTest">
        <test-method is-config="true" signature="beforeClass()[pri:0, instance:com.amex.tests.AmexAutomationTest@272113c4]" started-at="2025-02-11T11:40:24 IST" name="beforeClass" finished-at="2025-02-11T11:40:29 IST" duration-ms="4417" status="PASS">
          <reporter-output>
          </reporter-output>
        </test-method> <!-- beforeClass -->
        <test-method signature="testAmexFlow()[pri:0, instance:com.amex.tests.AmexAutomationTest@272113c4]" started-at="2025-02-11T11:40:29 IST" name="testAmexFlow" finished-at="2025-02-11T11:40:42 IST" duration-ms="13188" status="PASS">
          <reporter-output>
          </reporter-output>
        </test-method> <!-- testAmexFlow -->
        <test-method is-config="true" signature="afterClass()[pri:0, instance:com.amex.tests.AmexAutomationTest@272113c4]" started-at="2025-02-11T11:40:42 IST" name="afterClass" finished-at="2025-02-11T11:40:42 IST" duration-ms="377" status="PASS">
          <reporter-output>
          </reporter-output>
        </test-method> <!-- afterClass -->
      </class> <!-- com.amex.tests.AmexAutomationTest -->
    </test> <!-- Default test -->
  </suite> <!-- Default suite -->
</testng-results>
