<?xml version="1.0" encoding="UTF-8"?>
<!-- Generated by org.testng.reporters.JUnitXMLReporter -->
<testsuite ignored="0" hostname="DESKTOP-QE2CNIJ" failures="0" tests="3" name="Surefire test" time="0.042" errors="0" timestamp="2025-02-10T17:32:44 IST">
  <testcase classname="com.amex.tests.AmexAutomationTestTest" name="afterClassTest" time="0.004"/>
  <testcase classname="com.amex.tests.AmexAutomationTestTest" name="beforeClassTest" time="0.001"/>
  <testcase classname="com.amex.tests.AmexAutomationTestTest" name="testAmexFlowTest" time="0.0"/>
</testsuite> <!-- Surefire test -->
